<?xml version="1.0" encoding="UTF-8"?>
<!-- Generated by org.testng.reporters.JUnitReportReporter -->
<testsuite hostname="SMTC-R-0157" failures="0" tests="1" name="freamwork_design_scripts_System_Test_Cases.Registration_login_logout" time="9.759" errors="0" timestamp="2023-04-16T20:32:10 IST" skipped="0">
  <testcase classname="freamwork_design_scripts_System_Test_Cases.Registration_login_logout" name="registration_login" time="9.759"/>
  <system-out>
    <![CDATA[Title Match Successfully!!!
URL Match Successfully!!!
Title Match Successfully!!!
URL Match Successfully!!!]]>
  </system-out>
</testsuite> <!-- freamwork_design_scripts_System_Test_Cases.Registration_login_logout -->
