<?xml version="1.0" encoding="UTF-8"?>
<!-- Generated by org.testng.reporters.JUnitReportReporter -->
<testsuite hostname="SMTC-R-0157" failures="0" tests="2" name="freamwork_design_scripts_System_Test_Cases.Load_test_Register_login" time="53.901" errors="0" timestamp="2023-04-27T00:20:51 IST" skipped="0">
  <testcase classname="freamwork_design_scripts_System_Test_Cases.Load_test_Register_login" name="registration_test" time="21.139"/>
  <system-out/>
  <testcase classname="freamwork_design_scripts_System_Test_Cases.Load_test_Register_login" name="login_test" time="32.762"/>
  <system-out/>
</testsuite> <!-- freamwork_design_scripts_System_Test_Cases.Load_test_Register_login -->
